Node 8737 ranked 0.000138
Node 2914 ranked 0.000121
Node 18964 ranked 0.000085
Node 1220 ranked 0.000073
Node 2409 ranked 0.000069
Node 10029 ranked 0.000068
Node 214538 ranked 0.000063
Node 7343 ranked 0.000059
Node 39295 ranked 0.000056
Node 38283 ranked 0.000056
Node 18963 ranked 0.000055
Node 40509 ranked 0.000049
Node 1918 ranked 0.000049
Node 4494 ranked 0.000049
Node 3407 ranked 0.000047
Node 214406 ranked 0.000046
Node 56913 ranked 0.000046
Node 39633 ranked 0.000045
Node 1772 ranked 0.000044
Node 503 ranked 0.000044
Node 1689 ranked 0.000042
Node 33515 ranked 0.000040
Node 96144 ranked 0.000040
Node 16624 ranked 0.000039
Node 58404 ranked 0.000039
Node 110250 ranked 0.000038
Node 25184 ranked 0.000038
Node 7327 ranked 0.000037
Node 33498 ranked 0.000037
Node 44070 ranked 0.000036
Node 1776 ranked 0.000035
Node 1110 ranked 0.000035
Node 46505 ranked 0.000034
Node 1113 ranked 0.000034
Node 27653 ranked 0.000033
Node 37981 ranked 0.000033
Node 92995 ranked 0.000033
Node 19388 ranked 0.000032
Node 8686 ranked 0.000032
Node 48538 ranked 0.000032
Node 3394 ranked 0.000031
Node 12633 ranked 0.000031
Node 113192 ranked 0.000030
Node 39394 ranked 0.000030
Node 8859 ranked 0.000030
Node 12647 ranked 0.000030
Node 23273 ranked 0.000029
Node 8514 ranked 0.000029
Node 1797 ranked 0.000028
Node 7246 ranked 0.000028
Node 214467 ranked 0.000028
Node 67238 ranked 0.000028
Node 5249 ranked 0.000028
Node 16621 ranked 0.000028
Node 95183 ranked 0.000028
Node 62339 ranked 0.000028
Node 96803 ranked 0.000027
Node 8401 ranked 0.000027
Node 23508 ranked 0.000027
Node 354856 ranked 0.000027
Node 39240 ranked 0.000027
Node 6962 ranked 0.000027
Node 3685 ranked 0.000027
Node 529482 ranked 0.000027
Node 42911 ranked 0.000026
Node 10002 ranked 0.000026
Node 6304 ranked 0.000026
Node 363255 ranked 0.000026
Node 214451 ranked 0.000026
Node 38698 ranked 0.000025
Node 96805 ranked 0.000025
Node 93045 ranked 0.000025
Node 937828 ranked 0.000025
Node 39243 ranked 0.000025
Node 94936 ranked 0.000025
Node 828954 ranked 0.000025
Node 11860 ranked 0.000025
Node 1366 ranked 0.000024
